<?xml version="1.0" encoding="UTF-8"?>
<!-- Generated by org.testng.reporters.JUnitXMLReporter -->
<testsuite hostname="Anna-MXP" name="tests" tests="11" failures="0" timestamp="25 Dec 2014 10:44:42 GMT" time="59.144" errors="0">
  <testcase name="alreadyExistInDataBaseEmail" time="1.873" classname="test.java.IncorrectRegistration_test"/>
  <testcase name="alreadyRegisterEmail" time="0.353" classname="test.java.IncorrectRegistration_test"/>
  <testcase name="checkBoxIsUnselected" time="1.593" classname="test.java.IncorrectRegistration_test"/>
  <testcase name="incorrectAllEmptyFields" time="0.612" classname="test.java.IncorrectRegistration_test"/>
  <testcase name="incorrectAllLongFields" time="1.782" classname="test.java.IncorrectRegistration_test"/>
  <testcase name="incorrectEmailFields" time="0.831" classname="test.java.IncorrectRegistration_test"/>
  <testcase name="incorrectEmailFields" time="0.83" classname="test.java.IncorrectRegistration_test"/>
  <testcase name="incorrectEmailFields" time="0.828" classname="test.java.IncorrectRegistration_test"/>
  <testcase name="incorrectEmailFields" time="0.869" classname="test.java.IncorrectRegistration_test"/>
  <testcase name="incorrectEmailFields" time="0.858" classname="test.java.IncorrectRegistration_test"/>
  <testcase name="incorrectEmailFields" time="0.801" classname="test.java.IncorrectRegistration_test"/>
</testsuite> <!-- tests -->
